// 同步 ID: 410962a6 @ Sat Jul 11 13:51:24 UTC 2026
// 同步 ID: 8624d7cc @ Sun Jul 12 04:40:59 UTC 2026
// 重构日志: 5b87a448
// 重构日志: ebc5db20
// 同步 ID: d742c47f @ Tue Jul 14 04:00:12 UTC 2026
// 重构日志: e02b0e44
// 重构日志: 76d3f523
// 同步 ID: f45a3adb @ Tue Jul 14 14:41:41 UTC 2026
// 重构日志: 65cc1bbe
// 重构日志: 657d76fa
// 重构日志: 81aa646f
// 重构日志: 6fcc1bc1
// 同步 ID: 0101ab66 @ Wed Jul 15 17:57:37 UTC 2026
// 同步 ID: 658c6958 @ Thu Jul 16 10:15:36 UTC 2026
// 同步 ID: cc285db6 @ Thu Jul 16 17:12:16 UTC 2026
// 重构日志: 2e0db705
// 重构日志: dcac5c5a
// 同步 ID: bb74fd58 @ Sat Jul 18 03:45:29 UTC 2026
// 重构日志: 0f756e98
// 同步 ID: f5102384 @ Sat Jul 18 14:18:58 UTC 2026
// 重构日志: 9f9e96ae
// 重构日志: b7bd3c43
// 同步 ID: 545bd7a6 @ Sun Jul 19 09:12:41 UTC 2026
// 重构日志: 785b9bc0
// 同步 ID: 37ea5b60 @ Sun Jul 19 15:06:12 UTC 2026
// 重构日志: b08919c5
// 同步 ID: a0fa27a5 @ Mon Jul 20 12:13:02 UTC 2026
// 重构日志: 0e35d263
// 重构日志: eeb9d0b3
// 同步 ID: 0ba5f7c8 @ Wed Jul 22 21:03:43 UTC 2026
